1709507694.418412 client started (94088): version 3.0a, socket /tmp/tmux-1000/default, protocol 8
1709507694.418435 on Linux 5.15.0-97-generic #107~20.04.1-Ubuntu SMP Fri Feb 9 14:20:11 UTC 2024; libevent 2.1.11-stable (poll)
1709507694.418449 socket is /tmp/tmux-1000/default
1709507694.418459 trying connect
1709507694.418500 add peer 0x556c54cd9260: 6 ((nil))
1709507694.418555 sending message 100 to peer 0x556c54cd9260 (4 bytes)
1709507694.418563 sending message 101 to peer 0x556c54cd9260 (15 bytes)
1709507694.418567 sending message 102 to peer 0x556c54cd9260 (11 bytes)
1709507694.418571 sending message 108 to peer 0x556c54cd9260 (26 bytes)
1709507694.418575 sending message 104 to peer 0x556c54cd9260 (0 bytes)
1709507694.418580 sending message 107 to peer 0x556c54cd9260 (4 bytes)
1709507694.418583 sending message 105 to peer 0x556c54cd9260 (16 bytes)
1709507694.418587 sending message 105 to peer 0x556c54cd9260 (20 bytes)
1709507694.418592 sending message 105 to peer 0x556c54cd9260 (28 bytes)
1709507694.418596 sending message 105 to peer 0x556c54cd9260 (43 bytes)
1709507694.418600 sending message 105 to peer 0x556c54cd9260 (7 bytes)
1709507694.418604 sending message 105 to peer 0x556c54cd9260 (23 bytes)
1709507694.418608 sending message 105 to peer 0x556c54cd9260 (20 bytes)
1709507694.418612 sending message 105 to peer 0x556c54cd9260 (60 bytes)
1709507694.418616 sending message 105 to peer 0x556c54cd9260 (24 bytes)
1709507694.418620 sending message 105 to peer 0x556c54cd9260 (30 bytes)
1709507694.418623 sending message 105 to peer 0x556c54cd9260 (14 bytes)
1709507694.418628 sending message 105 to peer 0x556c54cd9260 (21 bytes)
1709507694.418632 sending message 105 to peer 0x556c54cd9260 (101 bytes)
1709507694.418636 sending message 105 to peer 0x556c54cd9260 (15 bytes)
1709507694.418639 sending message 105 to peer 0x556c54cd9260 (17 bytes)
1709507694.418643 sending message 105 to peer 0x556c54cd9260 (21 bytes)
1709507694.418648 sending message 105 to peer 0x556c54cd9260 (17 bytes)
1709507694.418652 sending message 105 to peer 0x556c54cd9260 (1506 bytes)
1709507694.418664 sending message 105 to peer 0x556c54cd9260 (115 bytes)
1709507694.418669 sending message 105 to peer 0x556c54cd9260 (52 bytes)
1709507694.418673 sending message 105 to peer 0x556c54cd9260 (31 bytes)
1709507694.418677 sending message 105 to peer 0x556c54cd9260 (34 bytes)
1709507694.418681 sending message 105 to peer 0x556c54cd9260 (23 bytes)
1709507694.418684 sending message 105 to peer 0x556c54cd9260 (20 bytes)
1709507694.418689 sending message 105 to peer 0x556c54cd9260 (30 bytes)
1709507694.418693 sending message 105 to peer 0x556c54cd9260 (11 bytes)
1709507694.418697 sending message 105 to peer 0x556c54cd9260 (32 bytes)
1709507694.418701 sending message 105 to peer 0x556c54cd9260 (11 bytes)
1709507694.418706 sending message 105 to peer 0x556c54cd9260 (64 bytes)
1709507694.418710 sending message 105 to peer 0x556c54cd9260 (14 bytes)
1709507694.418713 sending message 105 to peer 0x556c54cd9260 (8 bytes)
1709507694.418717 sending message 105 to peer 0x556c54cd9260 (25 bytes)
1709507694.418721 sending message 105 to peer 0x556c54cd9260 (27 bytes)
1709507694.418725 sending message 105 to peer 0x556c54cd9260 (19 bytes)
1709507694.418729 sending message 105 to peer 0x556c54cd9260 (51 bytes)
1709507694.418733 sending message 105 to peer 0x556c54cd9260 (70 bytes)
1709507694.418736 sending message 105 to peer 0x556c54cd9260 (31 bytes)
1709507694.418740 sending message 105 to peer 0x556c54cd9260 (34 bytes)
1709507694.418745 sending message 105 to peer 0x556c54cd9260 (20 bytes)
1709507694.418748 sending message 105 to peer 0x556c54cd9260 (132 bytes)
1709507694.418753 sending message 105 to peer 0x556c54cd9260 (65 bytes)
1709507694.418757 sending message 105 to peer 0x556c54cd9260 (103 bytes)
1709507694.418762 sending message 105 to peer 0x556c54cd9260 (273 bytes)
1709507694.418766 sending message 105 to peer 0x556c54cd9260 (54 bytes)
1709507694.418770 sending message 105 to peer 0x556c54cd9260 (23 bytes)
1709507694.418774 sending message 105 to peer 0x556c54cd9260 (20 bytes)
1709507694.418783 sending message 105 to peer 0x556c54cd9260 (88 bytes)
1709507694.418787 sending message 105 to peer 0x556c54cd9260 (16 bytes)
1709507694.418791 sending message 106 to peer 0x556c54cd9260 (0 bytes)
1709507694.418795 sending message 200 to peer 0x556c54cd9260 (4 bytes)
1709507694.418799 client loop enter
1709507694.420956 peer 0x556c54cd9260 message 207
1709507694.420966 sending message 208 to peer 0x556c54cd9260 (0 bytes)
1709507697.116533 peer 0x556c54cd9260 message 203
1709507697.116565 sending message 205 to peer 0x556c54cd9260 (0 bytes)
1709507697.116753 peer 0x556c54cd9260 message 204
1709507697.116762 client loop exit
